Sep 01 2011 09:52:47 [INFO ] EucleadianDistanceTest.testDistance(EucleadianDistanceTest:32): distance( x1, x2 ) = 2.23606797749979
Sep 01 2011 09:52:47 [INFO ] DataSource.resolveUrl(DataSource:165): Found classpath-url: classpath:/golf.csv.gz
Sep 01 2011 09:52:47 [INFO ] DataSource.resolveUrl(DataSource:167):    looking for resource '/golf.csv.gz'
Sep 01 2011 09:52:47 [INFO ] Neighborhood.getNeighbors(Neighborhood:35):  10 neighbors sorted to 10 ones
Sep 01 2011 09:52:47 [INFO ] NeighborhoodTest.testGetNeighbors(NeighborhoodTest:42): 5 neighbors are: [{@id=1, x=1.0, y=1.0}, {@id=2, x=2.0, y=2.0}, {@id=3, x=3.0, y=3.0}, {@id=4, x=4.0, y=4.0}, {@id=5, x=5.0, y=5.0}]
Sep 01 2011 09:52:47 [INFO ] NeighborhoodTest.testGetNeighbors(NeighborhoodTest:44):  distance to {@id=1, x=1.0, y=1.0} is: 1.4142135623730951
Sep 01 2011 09:52:47 [INFO ] NeighborhoodTest.testGetNeighbors(NeighborhoodTest:44):  distance to {@id=2, x=2.0, y=2.0} is: 2.8284271247461903
Sep 01 2011 09:52:47 [INFO ] NeighborhoodTest.testGetNeighbors(NeighborhoodTest:44):  distance to {@id=3, x=3.0, y=3.0} is: 4.242640687119285
Sep 01 2011 09:52:47 [INFO ] NeighborhoodTest.testGetNeighbors(NeighborhoodTest:44):  distance to {@id=4, x=4.0, y=4.0} is: 5.656854249492381
Sep 01 2011 09:52:47 [INFO ] NeighborhoodTest.testGetNeighbors(NeighborhoodTest:44):  distance to {@id=5, x=5.0, y=5.0} is: 7.0710678118654755
Sep 01 2011 09:53:23 [INFO ] EucleadianDistanceTest.testDistance(EucleadianDistanceTest:32): distance( x1, x2 ) = 2.23606797749979
Sep 01 2011 09:53:23 [INFO ] DataSource.resolveUrl(DataSource:165): Found classpath-url: classpath:/golf.csv.gz
Sep 01 2011 09:53:23 [INFO ] DataSource.resolveUrl(DataSource:167):    looking for resource '/golf.csv.gz'
Sep 01 2011 09:53:23 [INFO ] Neighborhood.getNeighbors(Neighborhood:35):  10 neighbors sorted to 10 ones
Sep 01 2011 09:53:23 [INFO ] NeighborhoodTest.testGetNeighbors(NeighborhoodTest:42): 5 neighbors are: [{@id=1, x=1.0, y=1.0}, {@id=2, x=2.0, y=2.0}, {@id=3, x=3.0, y=3.0}, {@id=4, x=4.0, y=4.0}, {@id=5, x=5.0, y=5.0}]
Sep 01 2011 09:53:23 [INFO ] NeighborhoodTest.testGetNeighbors(NeighborhoodTest:44):  distance to {@id=1, x=1.0, y=1.0} is: 1.4142135623730951
Sep 01 2011 09:53:23 [INFO ] NeighborhoodTest.testGetNeighbors(NeighborhoodTest:44):  distance to {@id=2, x=2.0, y=2.0} is: 2.8284271247461903
Sep 01 2011 09:53:23 [INFO ] NeighborhoodTest.testGetNeighbors(NeighborhoodTest:44):  distance to {@id=3, x=3.0, y=3.0} is: 4.242640687119285
Sep 01 2011 09:53:23 [INFO ] NeighborhoodTest.testGetNeighbors(NeighborhoodTest:44):  distance to {@id=4, x=4.0, y=4.0} is: 5.656854249492381
Sep 01 2011 09:53:23 [INFO ] NeighborhoodTest.testGetNeighbors(NeighborhoodTest:44):  distance to {@id=5, x=5.0, y=5.0} is: 7.0710678118654755
Sep 01 2011 09:53:51 [INFO ] EucleadianDistanceTest.testDistance(EucleadianDistanceTest:32): distance( x1, x2 ) = 2.23606797749979
Sep 01 2011 09:53:51 [INFO ] DataSource.resolveUrl(DataSource:165): Found classpath-url: classpath:/golf.csv.gz
Sep 01 2011 09:53:51 [INFO ] DataSource.resolveUrl(DataSource:167):    looking for resource '/golf.csv.gz'
Sep 01 2011 09:53:51 [INFO ] Neighborhood.getNeighbors(Neighborhood:35):  10 neighbors sorted to 10 ones
Sep 01 2011 09:53:51 [INFO ] NeighborhoodTest.testGetNeighbors(NeighborhoodTest:42): 5 neighbors are: [{@id=1, x=1.0, y=1.0}, {@id=2, x=2.0, y=2.0}, {@id=3, x=3.0, y=3.0}, {@id=4, x=4.0, y=4.0}, {@id=5, x=5.0, y=5.0}]
Sep 01 2011 09:53:51 [INFO ] NeighborhoodTest.testGetNeighbors(NeighborhoodTest:44):  distance to {@id=1, x=1.0, y=1.0} is: 1.4142135623730951
Sep 01 2011 09:53:51 [INFO ] NeighborhoodTest.testGetNeighbors(NeighborhoodTest:44):  distance to {@id=2, x=2.0, y=2.0} is: 2.8284271247461903
Sep 01 2011 09:53:51 [INFO ] NeighborhoodTest.testGetNeighbors(NeighborhoodTest:44):  distance to {@id=3, x=3.0, y=3.0} is: 4.242640687119285
Sep 01 2011 09:53:51 [INFO ] NeighborhoodTest.testGetNeighbors(NeighborhoodTest:44):  distance to {@id=4, x=4.0, y=4.0} is: 5.656854249492381
Sep 01 2011 09:53:51 [INFO ] NeighborhoodTest.testGetNeighbors(NeighborhoodTest:44):  distance to {@id=5, x=5.0, y=5.0} is: 7.0710678118654755
Sep 01 2011 09:54:31 [INFO ] EucleadianDistanceTest.testDistance(EucleadianDistanceTest:32): distance( x1, x2 ) = 2.23606797749979
Sep 01 2011 09:54:31 [INFO ] DataSource.resolveUrl(DataSource:165): Found classpath-url: classpath:/golf.csv.gz
Sep 01 2011 09:54:31 [INFO ] DataSource.resolveUrl(DataSource:167):    looking for resource '/golf.csv.gz'
Sep 01 2011 09:54:31 [INFO ] Neighborhood.getNeighbors(Neighborhood:35):  10 neighbors sorted to 10 ones
Sep 01 2011 09:54:31 [INFO ] NeighborhoodTest.testGetNeighbors(NeighborhoodTest:42): 5 neighbors are: [{@id=1, x=1.0, y=1.0}, {@id=2, x=2.0, y=2.0}, {@id=3, x=3.0, y=3.0}, {@id=4, x=4.0, y=4.0}, {@id=5, x=5.0, y=5.0}]
Sep 01 2011 09:54:31 [INFO ] NeighborhoodTest.testGetNeighbors(NeighborhoodTest:44):  distance to {@id=1, x=1.0, y=1.0} is: 1.4142135623730951
Sep 01 2011 09:54:31 [INFO ] NeighborhoodTest.testGetNeighbors(NeighborhoodTest:44):  distance to {@id=2, x=2.0, y=2.0} is: 2.8284271247461903
Sep 01 2011 09:54:31 [INFO ] NeighborhoodTest.testGetNeighbors(NeighborhoodTest:44):  distance to {@id=3, x=3.0, y=3.0} is: 4.242640687119285
Sep 01 2011 09:54:31 [INFO ] NeighborhoodTest.testGetNeighbors(NeighborhoodTest:44):  distance to {@id=4, x=4.0, y=4.0} is: 5.656854249492381
Sep 01 2011 09:54:31 [INFO ] NeighborhoodTest.testGetNeighbors(NeighborhoodTest:44):  distance to {@id=5, x=5.0, y=5.0} is: 7.0710678118654755
